<?xml version="1.0" encoding="UTF-8"?>
<testng-results ignored="0" total="1" passed="1" failed="0" skipped="0">
  <reporter-output>
  </reporter-output>
  <suite started-at="2022-12-05T15:19:18 IST" name="Default suite" finished-at="2022-12-05T15:19:41 IST" duration-ms="22736">
    <groups>
    </groups>
    <test started-at="2022-12-05T15:19:18 IST" name="Default test" finished-at="2022-12-05T15:19:41 IST" duration-ms="22736">
      <class name="CartTests">
        <test-method signature="shouldClearCart()[pri:0, instance:CartTests@36916eb0]" started-at="2022-12-05T15:19:18 IST" name="shouldClearCart" description="LEVEL-2" finished-at="2022-12-05T15:19:41 IST" duration-ms="22661" status="PASS">
          <reporter-output>
          </reporter-output>
        </test-method> <!-- shouldClearCart -->
      </class> <!-- CartTests -->
    </test> <!-- Default test -->
  </suite> <!-- Default suite -->
</testng-results>
