<?xml version="1.0" encoding="UTF-8"?>
<testng-results ignored="0" total="1" passed="1" failed="0" skipped="0">
  <reporter-output>
  </reporter-output>
  <suite started-at="2022-12-05T11:09:40 IST" name="Default suite" finished-at="2022-12-05T11:10:30 IST" duration-ms="50521">
    <groups>
    </groups>
    <test started-at="2022-12-05T11:09:40 IST" name="Default test" finished-at="2022-12-05T11:10:30 IST" duration-ms="50521">
      <class name="SearchTests">
        <test-method signature="shouldVerifySearchResults()[pri:0, instance:SearchTests@36916eb0]" started-at="2022-12-05T11:09:40 IST" name="shouldVerifySearchResults" description="LEVEL-1" finished-at="2022-12-05T11:10:30 IST" duration-ms="50441" status="PASS">
          <reporter-output>
          </reporter-output>
        </test-method> <!-- shouldVerifySearchResults -->
      </class> <!-- SearchTests -->
    </test> <!-- Default test -->
  </suite> <!-- Default suite -->
</testng-results>
